2017-06-11 16:41:22,665 [Worker-1] INFO  c.g.t.t.d.PublishedGradleVersions - Gradle version information cache is up-to-date. Trying to read.
2017-06-11 16:42:02,971 [Worker-12] WARN  org.eclipse.jgit.util.FS - Exception caught during execution of command '[git, --version]' in '/usr/bin', return code '1', error message 'xcrun: error: invalid active developer path (/Library/Developer/CommandLineTools), missing xcrun at: /Library/Developer/CommandLineTools/usr/bin/xcrun
'
2017-06-11 16:56:05,460 [Worker-0] INFO  c.g.t.t.d.PublishedGradleVersions - Gradle version information cache is up-to-date. Trying to read.
2017-06-11 16:56:06,410 [Worker-5] WARN  org.eclipse.jgit.util.FS - Exception caught during execution of command '[git, --version]' in '/usr/bin', return code '1', error message 'xcrun: error: invalid active developer path (/Library/Developer/CommandLineTools), missing xcrun at: /Library/Developer/CommandLineTools/usr/bin/xcrun
'
2017-06-11 18:46:26,985 [Worker-3] INFO  c.g.t.t.d.PublishedGradleVersions - Gradle version information cache is up-to-date. Trying to read.
2017-06-11 18:46:27,854 [Worker-5] WARN  org.eclipse.jgit.util.FS - Exception caught during execution of command '[git, --version]' in '/usr/bin', return code '1', error message 'xcrun: error: invalid active developer path (/Library/Developer/CommandLineTools), missing xcrun at: /Library/Developer/CommandLineTools/usr/bin/xcrun
'
<<<<<<< Updated upstream
2017-06-11 19:37:47,851 [Worker-3] INFO  c.g.t.t.d.PublishedGradleVersions - Gradle version information cache is up-to-date. Trying to read.
2017-06-11 19:37:49,024 [Worker-18] WARN  org.eclipse.jgit.util.FS - Exception caught during execution of command '[git, --version]' in '/usr/bin', return code '1', error message 'xcrun: error: invalid active developer path (/Library/Developer/CommandLineTools), missing xcrun at: /Library/Developer/CommandLineTools/usr/bin/xcrun
'
<<<<<<< HEAD
=======
2017-06-11 19:31:49,543 [Thread-5] ERROR org.eclipse.jgit.util.FS - xcode-select: note: no developer tools were found at '/Applications/Xcode.app', requesting install. Choose an option in the dialog to download the command line developer tools.

2017-06-11 19:31:49,555 [Thread-6] ERROR org.eclipse.jgit.util.FS - xcode-select: note: no developer tools were found at '/Applications/Xcode.app', requesting install. Choose an option in the dialog to download the command line developer tools.

2017-06-11 19:31:56,524 [Worker-2] INFO  c.g.t.t.d.PublishedGradleVersions - Gradle version information cache is up-to-date. Trying to read.
>>>>>>> Stashed changes
2017-06-12 09:52:46,006 [Worker-4] INFO  c.g.t.t.d.PublishedGradleVersions - Gradle version information cache is up-to-date. Trying to read.
=======
2017-06-12 09:56:44,871 [Worker-1] INFO  c.g.t.t.d.PublishedGradleVersions - Gradle version information cache is up-to-date. Trying to read.
2017-06-12 09:56:45,967 [Worker-6] WARN  org.eclipse.jgit.util.FS - Exception caught during execution of command '[git, --version]' in '/usr/bin', return code '1', error message 'xcrun: error: invalid active developer path (/Library/Developer/CommandLineTools), missing xcrun at: /Library/Developer/CommandLineTools/usr/bin/xcrun
'
2017-06-12 10:26:33,883 [Worker-1] INFO  c.g.t.t.d.PublishedGradleVersions - Gradle version information cache is up-to-date. Trying to read.
2017-06-12 10:26:35,116 [Worker-4] WARN  org.eclipse.jgit.util.FS - Exception caught during execution of command '[git, --version]' in '/usr/bin', return code '1', error message 'xcrun: error: invalid active developer path (/Library/Developer/CommandLineTools), missing xcrun at: /Library/Developer/CommandLineTools/usr/bin/xcrun
'
>>>>>>> origin/master
2017-06-12 11:28:18,881 [Worker-2] INFO  c.g.t.t.d.PublishedGradleVersions - Gradle version information cache is up-to-date. Trying to read.
2017-06-12 11:28:19,911 [Worker-3] WARN  org.eclipse.jgit.util.FS - Exception caught during execution of command '[git, --version]' in '/usr/bin', return code '1', error message 'xcrun: error: invalid active developer path (/Library/Developer/CommandLineTools), missing xcrun at: /Library/Developer/CommandLineTools/usr/bin/xcrun
'
<<<<<<< HEAD
2017-06-12 12:56:30,592 [Worker-2] INFO  c.g.t.t.d.PublishedGradleVersions - Gradle version information cache is up-to-date. Trying to read.
2017-06-12 12:56:31,878 [Worker-0] WARN  org.eclipse.jgit.util.FS - Exception caught during execution of command '[git, --version]' in '/usr/bin', return code '1', error message 'xcrun: error: invalid active developer path (/Library/Developer/CommandLineTools), missing xcrun at: /Library/Developer/CommandLineTools/usr/bin/xcrun
'
=======
2017-06-12 11:39:52,825 [Worker-3] INFO  c.g.t.t.d.PublishedGradleVersions - Gradle version information cache is up-to-date. Trying to read.
>>>>>>> origin/master
2017-06-12 14:45:51,025 [Worker-2] INFO  c.g.t.t.d.PublishedGradleVersions - Gradle version information cache is up-to-date. Trying to read.
2017-06-12 14:45:52,198 [Worker-1] WARN  org.eclipse.jgit.util.FS - Exception caught during execution of command '[git, --version]' in '/usr/bin', return code '1', error message 'xcrun: error: invalid active developer path (/Library/Developer/CommandLineTools), missing xcrun at: /Library/Developer/CommandLineTools/usr/bin/xcrun
'
